<?xml version="1.0" encoding="UTF-8"?>
<!-- Generated by org.testng.reporters.JUnitReportReporter -->
<testsuite hostname="ampie-laptop" name="net.sf.nakeduml.feature.DependenciesTest" tests="2" failures="0" timestamp="9 Mar 2011 13:55:18 GMT" time="0.038" errors="0">
  <testcase name="testPhases" time="0.013" classname="net.sf.nakeduml.feature.DependenciesTest"/>
  <testcase name="testCircularity" time="0.025" classname="net.sf.nakeduml.feature.DependenciesTest"/>
</testsuite>
