<?xml version="1.0" encoding="UTF-8" ?>
<testsuite failures="0" time="3.594" errors="0" skipped="0" tests="1" name="org.nakeduml.bpm.TaskRequestFlowTest">
  <properties>
    <property name="java.runtime.name" value="Java(TM) SE Runtime Environment"/>
    <property name="sun.boot.library.path" value="/usr/lib/jvm/java-6-sun-1.6.0.26/jre/lib/amd64"/>
    <property name="java.vm.version" value="20.1-b02"/>
    <property name="java.vm.vendor" value="Sun Microsystems Inc."/>
    <property name="java.vendor.url" value="http://java.sun.com/"/>
    <property name="path.separator" value=":"/>
    <property name="java.vm.name" value="Java HotSpot(TM) 64-Bit Server VM"/>
    <property name="file.encoding.pkg" value="sun.io"/>
    <property name="user.country" value="ZA"/>
    <property name="sun.java.launcher" value="SUN_STANDARD"/>
    <property name="sun.os.patch.level" value="unknown"/>
    <property name="java.vm.specification.name" value="Java Virtual Machine Specification"/>
    <property name="user.dir" value="/home/ampie/Workspaces/workspace_sandbox/nakeduml/nakeduml-runtime/nakeduml-runtime-bpm-hibernate"/>
    <property name="java.runtime.version" value="1.6.0_26-b03"/>
    <property name="java.awt.graphicsenv" value="sun.awt.X11GraphicsEnvironment"/>
    <property name="basedir" value="/home/ampie/Workspaces/workspace_sandbox/nakeduml/nakeduml-runtime/nakeduml-runtime-bpm-hibernate"/>
    <property name="java.endorsed.dirs" value="/usr/lib/jvm/java-6-sun-1.6.0.26/jre/lib/endorsed"/>
    <property name="os.arch" value="amd64"/>
    <property name="surefire.real.class.path" value="/tmp/surefirebooter38286413099496551.jar"/>
    <property name="java.io.tmpdir" value="/tmp"/>
    <property name="line.separator" value="
"/>
    <property name="java.vm.specification.vendor" value="Sun Microsystems Inc."/>
    <property name="os.name" value="Linux"/>
    <property name="sun.jnu.encoding" value="UTF-8"/>
    <property name="java.library.path" value="/usr/lib/jvm/java-6-sun-1.6.0.26/jre/lib/amd64/server:/usr/lib/jvm/java-6-sun-1.6.0.26/jre/lib/amd64:/usr/lib/jvm/java-6-sun-1.6.0.26/jre/../lib/amd64:/usr/java/packages/lib/amd64:/usr/lib64:/lib64:/lib:/usr/lib"/>
    <property name="surefire.test.class.path" value="/home/ampie/Workspaces/workspace_sandbox/nakeduml/nakeduml-runtime/nakeduml-runtime-bpm-hibernate/target/test-classes:/home/ampie/Workspaces/workspace_sandbox/nakeduml/nakeduml-runtime/nakeduml-runtime-bpm-hibernate/target/classes:/home/ampie/.m2/repository/org/jmock/jmock/2.5.1/jmock-2.5.1.jar:/home/ampie/.m2/repository/org/hamcrest/hamcrest-core/1.1/hamcrest-core-1.1.jar:/home/ampie/.m2/repository/org/hamcrest/hamcrest-library/1.1/hamcrest-library-1.1.jar:/home/ampie/.m2/repository/org/jmock/jmock-legacy/2.5.1/jmock-legacy-2.5.1.jar:/home/ampie/.m2/repository/org/objenesis/objenesis/1.0/objenesis-1.0.jar:/home/ampie/.m2/repository/cglib/cglib-nodep/2.1_3/cglib-nodep-2.1_3.jar:/home/ampie/.m2/repository/junit/junit/4.8.2/junit-4.8.2.jar:/home/ampie/.m2/repository/org/nakeduml/nakeduml-runtime-bpm-hibernate/1.0.0.6-SNAPSHOT/nakeduml-runtime-bpm-hibernate-1.0.0.6-SNAPSHOT.jar:/home/ampie/.m2/repository/org/hibernate/hibernate-entitymanager/3.4.0.GA/hibernate-entitymanager-3.4.0.GA.jar:/home/ampie/.m2/repository/org/hibernate/ejb3-persistence/1.0.2.GA/ejb3-persistence-1.0.2.GA.jar:/home/ampie/.m2/repository/org/hibernate/hibernate-commons-annotations/3.1.0.GA/hibernate-commons-annotations-3.1.0.GA.jar:/home/ampie/.m2/repository/org/hibernate/hibernate-annotations/3.4.0.GA/hibernate-annotations-3.4.0.GA.jar:/home/ampie/.m2/repository/dom4j/dom4j/1.6.1/dom4j-1.6.1.jar:/home/ampie/.m2/repository/xml-apis/xml-apis/1.0.b2/xml-apis-1.0.b2.jar:/home/ampie/.m2/repository/javax/transaction/jta/1.1/jta-1.1.jar:/home/ampie/.m2/repository/javassist/javassist/3.4.GA/javassist-3.4.GA.jar:/home/ampie/Workspaces/workspace_sandbox/nakeduml/nakeduml-runtime/nakeduml-runtime-jpa/target/nakeduml-runtime-jpa-1.0.0.6-SNAPSHOT.jar:/home/ampie/.m2/repository/hsqldb/hsqldb/1.8.0.10/hsqldb-1.8.0.10.jar:/home/ampie/Workspaces/workspace_sandbox/nakeduml/nakeduml-runtime/nakeduml-runtime-hibernate/target/nakeduml-runtime-hibernate-1.0.0.6-SNAPSHOT.jar:/home/ampie/.m2/repository/org/hibernate/hibernate-core/3.3.2.GA/hibernate-core-3.3.2.GA.jar:/home/ampie/.m2/repository/commons-collections/commons-collections/3.1/commons-collections-3.1.jar:/home/ampie/.m2/repository/org/hibernate/hibernate-validator/4.0.0.GA/hibernate-validator-4.0.0.GA.jar:/home/ampie/.m2/repository/javax/validation/validation-api/1.0.0.GA/validation-api-1.0.0.GA.jar:/home/ampie/.m2/repository/org/slf4j/slf4j-api/1.5.10/slf4j-api-1.5.10.jar:/home/ampie/.m2/repository/javax/xml/bind/jaxb-api/2.1/jaxb-api-2.1.jar:/home/ampie/.m2/repository/javax/xml/stream/stax-api/1.0-2/stax-api-1.0-2.jar:/home/ampie/.m2/repository/com/sun/xml/bind/jaxb-impl/2.1.3/jaxb-impl-2.1.3.jar:/home/ampie/.m2/repository/org/hsqldb/hsqldb/1.8.0.10/hsqldb-1.8.0.10.jar:/home/ampie/Workspaces/workspace_sandbox/nakeduml/nakeduml-runtime/nakeduml-runtime-domain/target/nakeduml-runtime-domain-1.0.0.6-SNAPSHOT.jar:/home/ampie/.m2/repository/org/jbpm/jbpm-flow/5.1.0.Final/jbpm-flow-5.1.0.Final.jar:/home/ampie/.m2/repository/org/drools/drools-core/5.2.0.Final/drools-core-5.2.0.Final.jar:/home/ampie/.m2/repository/org/jbpm/jbpm-flow-builder/5.1.0.Final/jbpm-flow-builder-5.1.0.Final.jar:/home/ampie/.m2/repository/org/drools/knowledge-api/5.2.0.Final/knowledge-api-5.2.0.Final.jar:/home/ampie/.m2/repository/org/drools/drools-compiler/5.2.0.Final/drools-compiler-5.2.0.Final.jar:/home/ampie/.m2/repository/org/antlr/antlr-runtime/3.3/antlr-runtime-3.3.jar:/home/ampie/.m2/repository/org/antlr/antlr/3.3/antlr-3.3.jar:/home/ampie/.m2/repository/org/antlr/stringtemplate/3.2.1/stringtemplate-3.2.1.jar:/home/ampie/.m2/repository/antlr/antlr/2.7.7/antlr-2.7.7.jar:/home/ampie/.m2/repository/org/eclipse/jdt/core/compiler/ecj/3.5.1/ecj-3.5.1.jar:/home/ampie/.m2/repository/org/mvel/mvel2/2.1.0.drools2/mvel2-2.1.0.drools2.jar:/home/ampie/.m2/repository/org/jbpm/jbpm-persistence-jpa/5.1.0.Final/jbpm-persistence-jpa-5.1.0.Final.jar:/home/ampie/.m2/repository/org/drools/drools-persistence-jpa/5.2.0.Final/drools-persistence-jpa-5.2.0.Final.jar:/home/ampie/Workspaces/workspace_sandbox/nakeduml/nakeduml-runtime/nakeduml-test-adaptor/target/nakeduml-test-adaptor-1.0.0.6-SNAPSHOT.jar:/home/ampie/.m2/repository/org/jboss/shrinkwrap/shrinkwrap-api/1.0.0-alpha-11/shrinkwrap-api-1.0.0-alpha-11.jar:/home/ampie/.m2/repository/org/jboss/weld/weld-core-test/1.0.1-Final/weld-core-test-1.0.1-Final.jar:/home/ampie/.m2/repository/javax/el/el-api/2.2/el-api-2.2.jar:/home/ampie/.m2/repository/org/glassfish/web/el-impl/2.1.2-b04/el-impl-2.1.2-b04.jar:/home/ampie/.m2/repository/org/jboss/weld/weld-core/1.0.1-Final/weld-core-1.0.1-Final.jar:/home/ampie/.m2/repository/org/jboss/weld/weld-api/1.0-SP1/weld-api-1.0-SP1.jar:/home/ampie/.m2/repository/com/google/collections/google-collections/1.0/google-collections-1.0.jar:/home/ampie/.m2/repository/org/slf4j/slf4j-ext/1.5.10/slf4j-ext-1.5.10.jar:/home/ampie/.m2/repository/ch/qos/cal10n/cal10n-api/0.7.2/cal10n-api-0.7.2.jar:/home/ampie/.m2/repository/org/jboss/weld/weld-spi/1.0-SP1/weld-spi-1.0-SP1.jar:/home/ampie/.m2/repository/org/jboss/interceptor/jboss-interceptor/1.0.0-CR11/jboss-interceptor-1.0.0-CR11.jar:/home/ampie/.m2/repository/org/jboss/ejb3/jboss-ejb3-api/3.1.0/jboss-ejb3-api-3.1.0.jar:/home/ampie/.m2/repository/javax/faces/jsf-api/2.0.2-FCS/jsf-api-2.0.2-FCS.jar:/home/ampie/.m2/repository/net/sourceforge/htmlunit/htmlunit/2.4/htmlunit-2.4.jar:/home/ampie/.m2/repository/xalan/xalan/2.7.1/xalan-2.7.1.jar:/home/ampie/.m2/repository/xalan/serializer/2.7.1/serializer-2.7.1.jar:/home/ampie/.m2/repository/commons-lang/commons-lang/2.4/commons-lang-2.4.jar:/home/ampie/.m2/repository/commons-httpclient/commons-httpclient/3.1/commons-httpclient-3.1.jar:/home/ampie/.m2/repository/commons-codec/commons-codec/1.3/commons-codec-1.3.jar:/home/ampie/.m2/repository/net/sourceforge/htmlunit/htmlunit-core-js/2.4/htmlunit-core-js-2.4.jar:/home/ampie/.m2/repository/net/sourceforge/nekohtml/nekohtml/1.9.11/nekohtml-1.9.11.jar:/home/ampie/.m2/repository/xerces/xercesImpl/2.8.1/xercesImpl-2.8.1.jar:/home/ampie/.m2/repository/net/sourceforge/cssparser/cssparser/0.9.5/cssparser-0.9.5.jar:/home/ampie/.m2/repository/org/w3c/css/sac/1.3/sac-1.3.jar:/home/ampie/.m2/repository/commons-io/commons-io/1.4/commons-io-1.4.jar:/home/ampie/.m2/repository/commons-logging/commons-logging/1.1.1/commons-logging-1.1.1.jar:/home/ampie/.m2/repository/javax/servlet/servlet-api/2.5/servlet-api-2.5.jar:/home/ampie/.m2/repository/org/jboss/test-harness/jboss-test-harness/1.1.0-CR9/jboss-test-harness-1.1.0-CR9.jar:/home/ampie/.m2/repository/org/jboss/test-harness/jboss-test-harness-api/1.1.0-CR9/jboss-test-harness-api-1.1.0-CR9.jar:/home/ampie/.m2/repository/org/jboss/weld/weld-se/1.0.3/weld-se-1.0.3.jar:/home/ampie/Workspaces/workspace_sandbox/nakeduml/nakeduml-runtime/nakeduml-runtime-cdi-hibernate/target/nakeduml-runtime-cdi-hibernate-1.0.0.6-SNAPSHOT.jar:/home/ampie/.m2/repository/org/jboss/seam/solder/seam-solder-api/3.0.0.Final/seam-solder-api-3.0.0.Final.jar:/home/ampie/.m2/repository/org/jboss/seam/solder/seam-solder-impl/3.0.0.Final/seam-solder-impl-3.0.0.Final.jar:/home/ampie/.m2/repository/org/nakeduml/nakeduml-generators/1.0.0.6-SNAPSHOT/nakeduml-generators-1.0.0.6-SNAPSHOT.jar:/home/ampie/.m2/repository/org/nakeduml/nakeduml-java-generator/1.0.0.6-SNAPSHOT/nakeduml-java-generator-1.0.0.6-SNAPSHOT.jar:/home/ampie/.m2/repository/org/nakeduml/nakeduml-metamodels/1.0.0.6-SNAPSHOT/nakeduml-metamodels-1.0.0.6-SNAPSHOT.jar:/home/ampie/.m2/repository/org/nakeduml/nakeduml-ocl-metamodel/1.0.0.6-SNAPSHOT/nakeduml-ocl-metamodel-1.0.0.6-SNAPSHOT.jar:/home/ampie/.m2/repository/org/nakeduml/nakeduml-ocl-java-generator/1.0.0.6-SNAPSHOT/nakeduml-ocl-java-generator-1.0.0.6-SNAPSHOT.jar:/home/ampie/.m2/repository/org/nakeduml/nakeduml-java-metamodel/1.0.0.6-SNAPSHOT/nakeduml-java-metamodel-1.0.0.6-SNAPSHOT.jar:/home/ampie/.m2/repository/org/slf4j/slf4j-jdk14/1.5.10/slf4j-jdk14-1.5.10.jar:/home/ampie/.m2/repository/org/apache/velocity/1.5.0-v200905192330/velocity-1.5.0-v200905192330.jar:/home/ampie/.m2/repository/org/apache/commons/lang/2.1.0/lang-2.1.0.jar:/home/ampie/.m2/repository/javax/enterprise/cdi-api/1.0-SP1/cdi-api-1.0-SP1.jar:/home/ampie/.m2/repository/org/jboss/interceptor/jboss-interceptor-api/1.1/jboss-interceptor-api-1.1.jar:/home/ampie/.m2/repository/javax/annotation/jsr250-api/1.0/jsr250-api-1.0.jar:/home/ampie/.m2/repository/javax/inject/javax.inject/1/javax.inject-1.jar:/home/ampie/.m2/repository/org/jboss/ejb3/jboss-ejb3-ext-api/1.1.1/jboss-ejb3-ext-api-1.1.1.jar:/home/ampie/.m2/repository/org/jboss/javaee/jboss-ejb-api/3.0.0.CR1/jboss-ejb-api-3.0.0.CR1.jar:/home/ampie/.m2/repository/org/jboss/javaee/jboss-transaction-api/1.0.1.CR1/jboss-transaction-api-1.0.1.CR1.jar:/home/ampie/.m2/repository/jboss/jbossws/jboss-jaxrpc/1.0.4.GA/jboss-jaxrpc-1.0.4.GA.jar:/home/ampie/.m2/repository/org/jboss/metadata/jboss-metadata/1.0.0.CR16/jboss-metadata-1.0.0.CR16.jar:/home/ampie/.m2/repository/org/jboss/logging/jboss-logging-spi/2.0.5.GA/jboss-logging-spi-2.0.5.GA.jar:/home/ampie/.m2/repository/org/jboss/jboss-common-core/2.2.8.GA/jboss-common-core-2.2.8.GA.jar:/home/ampie/.m2/repository/org/jboss/javaee/jboss-jms-api/1.1.0.GA/jboss-jms-api-1.1.0.GA.jar:/home/ampie/.m2/repository/org/jboss/ws/jbossws-spi/1.0.6.GA/jbossws-spi-1.0.6.GA.jar:/home/ampie/.m2/repository/org/apache/ant/ant/1.7.0/ant-1.7.0.jar:/home/ampie/.m2/repository/org/apache/ant/ant-launcher/1.7.0/ant-launcher-1.7.0.jar:/home/ampie/.m2/repository/gnu-getopt/getopt/1.0.13/getopt-1.0.13.jar:/home/ampie/.m2/repository/jboss/jbossws/jboss-jaxws/3.0.1-native-2.0.4.GA/jboss-jaxws-3.0.1-native-2.0.4.GA.jar:/home/ampie/.m2/repository/org/jboss/jbossxb/2.0.0.GA/jbossxb-2.0.0.GA.jar:/home/ampie/.m2/repository/org/jboss/jboss-reflect/2.0.0.GA/jboss-reflect-2.0.0.GA.jar:/home/ampie/.m2/repository/apache-xerces/xercesImpl/2.9.1/xercesImpl-2.9.1.jar:/home/ampie/.m2/repository/wutka-dtdparser/dtdparser121/1.2.1/dtdparser121-1.2.1.jar:/home/ampie/.m2/repository/org/jboss/jboss-vfs/2.0.0.CR1/jboss-vfs-2.0.0.CR1.jar:/home/ampie/.m2/repository/org/jboss/jboss-mdr/2.0.0.GA/jboss-mdr-2.0.0.GA.jar:/home/ampie/.m2/repository/sun-jaxb/jaxb-api/2.1.4/jaxb-api-2.1.4.jar:/home/ampie/.m2/repository/apache-xerces/xml-apis/2.9.1/xml-apis-2.9.1.jar:/home/ampie/.m2/repository/org/jboss/spec/javax/annotation/jboss-annotations-api_1.1_spec/1.0.0.Final/jboss-annotations-api_1.1_spec-1.0.0.Final.jar:/home/ampie/.m2/repository/org/jboss/spec/javax/resource/jboss-connector-api_1.5_spec/1.0.0.Final/jboss-connector-api_1.5_spec-1.0.0.Final.jar:/home/ampie/.m2/repository/org/jboss/spec/javax/ejb/jboss-ejb-api_3.1_spec/1.0.0.Final/jboss-ejb-api_3.1_spec-1.0.0.Final.jar:/home/ampie/.m2/repository/javax/xml/jaxrpc-api/1.1/jaxrpc-api-1.1.jar:/home/ampie/.m2/repository/javax/xml/soap/saaj-api/1.3/saaj-api-1.3.jar:/home/ampie/.m2/repository/org/jboss/spec/javax/el/jboss-el-api_2.2_spec/1.0.0.Final/jboss-el-api_2.2_spec-1.0.0.Final.jar:/home/ampie/.m2/repository/org/jboss/spec/javax/interceptor/jboss-interceptors-api_1.1_spec/1.0.0.Final/jboss-interceptors-api_1.1_spec-1.0.0.Final.jar:/home/ampie/.m2/repository/org/jboss/spec/javax/security/jacc/jboss-jacc-api_1.4_spec/1.0.0.Final/jboss-jacc-api_1.4_spec-1.0.0.Final.jar:/home/ampie/.m2/repository/org/jboss/spec/javax/enterprise/deploy/jboss-jad-api_1.2_spec/1.0.0.Final/jboss-jad-api_1.2_spec-1.0.0.Final.jar:/home/ampie/.m2/repository/org/jboss/spec/javax/security/auth/message/jboss-jaspi-api_1.0_spec/1.0.0.Final/jboss-jaspi-api_1.0_spec-1.0.0.Final.jar:/home/ampie/.m2/repository/org/jboss/spec/javax/xml/registry/jboss-jaxr-api_1.0_spec/1.0.0.Final/jboss-jaxr-api_1.0_spec-1.0.0.Final.jar:/home/ampie/.m2/repository/org/jboss/spec/javax/jms/jboss-jms-api_1.1_spec/1.0.0.Final/jboss-jms-api_1.1_spec-1.0.0.Final.jar:/home/ampie/.m2/repository/org/jboss/spec/javax/servlet/jsp/jboss-jsp-api_2.2_spec/1.0.0.Final/jboss-jsp-api_2.2_spec-1.0.0.Final.jar:/home/ampie/.m2/repository/org/jboss/spec/javax/servlet/jboss-servlet-api_3.0_spec/1.0.0.Final/jboss-servlet-api_3.0_spec-1.0.0.Final.jar:/home/ampie/.m2/repository/org/jboss/spec/javax/transaction/jboss-transaction-api_1.1_spec/1.0.0.Final/jboss-transaction-api_1.1_spec-1.0.0.Final.jar:/home/ampie/.m2/repository/org/jboss/spec/javax/xml/bind/jboss-jaxb-api_2.2_spec/1.0.0.Final/jboss-jaxb-api_2.2_spec-1.0.0.Final.jar:/home/ampie/.m2/repository/org/jboss/spec/javax/xml/rpc/jboss-jaxrpc-api_1.1_spec/1.0.0.Final/jboss-jaxrpc-api_1.1_spec-1.0.0.Final.jar:/home/ampie/.m2/repository/org/jboss/spec/javax/xml/soap/jboss-saaj-api_1.3_spec/1.0.0.Final/jboss-saaj-api_1.3_spec-1.0.0.Final.jar:/home/ampie/.m2/repository/org/jboss/spec/javax/xml/ws/jboss-jaxws-api_2.2_spec/1.0.0.Final/jboss-jaxws-api_2.2_spec-1.0.0.Final.jar:/home/ampie/.m2/repository/javax/activation/activation/1.1/activation-1.1.jar:/home/ampie/.m2/repository/com/sun/faces/jsf-api/2.0.3-b05/jsf-api-2.0.3-b05.jar:/home/ampie/.m2/repository/javax/jws/jsr181-api/1.0-MR1/jsr181-api-1.0-MR1.jar:/home/ampie/.m2/repository/javax/mail/mail/1.4.2/mail-1.4.2.jar:/home/ampie/.m2/repository/javax/servlet/jstl/1.2/jstl-1.2.jar:/home/ampie/.m2/repository/org/hibernate/javax/persistence/hibernate-jpa-2.0-api/1.0.0.Final/hibernate-jpa-2.0-api-1.0.0.Final.jar:/home/ampie/.m2/repository/org/jboss/resteasy/jaxrs-api/2.1.0.GA/jaxrs-api-2.1.0.GA.jar:/home/ampie/.m2/repository/stax/stax-api/1.0.1/stax-api-1.0.1.jar:/home/ampie/.m2/repository/org/slf4j/slf4j-log4j12/1.5.10/slf4j-log4j12-1.5.10.jar:/home/ampie/.m2/repository/log4j/log4j/1.2.14/log4j-1.2.14.jar:"/>
    <property name="java.specification.name" value="Java Platform API Specification"/>
    <property name="java.class.version" value="50.0"/>
    <property name="sun.management.compiler" value="HotSpot 64-Bit Tiered Compilers"/>
    <property name="os.version" value="2.6.35-30-generic"/>
    <property name="user.home" value="/home/ampie"/>
    <property name="user.timezone" value="Africa/Johannesburg"/>
    <property name="java.awt.printerjob" value="sun.print.PSPrinterJob"/>
    <property name="file.encoding" value="UTF-8"/>
    <property name="java.specification.version" value="1.6"/>
    <property name="user.name" value="ampie"/>
    <property name="java.class.path" value="/home/ampie/Workspaces/workspace_sandbox/nakeduml/nakeduml-runtime/nakeduml-runtime-bpm-hibernate/target/test-classes:/home/ampie/Workspaces/workspace_sandbox/nakeduml/nakeduml-runtime/nakeduml-runtime-bpm-hibernate/target/classes:/home/ampie/.m2/repository/org/jmock/jmock/2.5.1/jmock-2.5.1.jar:/home/ampie/.m2/repository/org/hamcrest/hamcrest-core/1.1/hamcrest-core-1.1.jar:/home/ampie/.m2/repository/org/hamcrest/hamcrest-library/1.1/hamcrest-library-1.1.jar:/home/ampie/.m2/repository/org/jmock/jmock-legacy/2.5.1/jmock-legacy-2.5.1.jar:/home/ampie/.m2/repository/org/objenesis/objenesis/1.0/objenesis-1.0.jar:/home/ampie/.m2/repository/cglib/cglib-nodep/2.1_3/cglib-nodep-2.1_3.jar:/home/ampie/.m2/repository/junit/junit/4.8.2/junit-4.8.2.jar:/home/ampie/.m2/repository/org/nakeduml/nakeduml-runtime-bpm-hibernate/1.0.0.6-SNAPSHOT/nakeduml-runtime-bpm-hibernate-1.0.0.6-SNAPSHOT.jar:/home/ampie/.m2/repository/org/hibernate/hibernate-entitymanager/3.4.0.GA/hibernate-entitymanager-3.4.0.GA.jar:/home/ampie/.m2/repository/org/hibernate/ejb3-persistence/1.0.2.GA/ejb3-persistence-1.0.2.GA.jar:/home/ampie/.m2/repository/org/hibernate/hibernate-commons-annotations/3.1.0.GA/hibernate-commons-annotations-3.1.0.GA.jar:/home/ampie/.m2/repository/org/hibernate/hibernate-annotations/3.4.0.GA/hibernate-annotations-3.4.0.GA.jar:/home/ampie/.m2/repository/dom4j/dom4j/1.6.1/dom4j-1.6.1.jar:/home/ampie/.m2/repository/xml-apis/xml-apis/1.0.b2/xml-apis-1.0.b2.jar:/home/ampie/.m2/repository/javax/transaction/jta/1.1/jta-1.1.jar:/home/ampie/.m2/repository/javassist/javassist/3.4.GA/javassist-3.4.GA.jar:/home/ampie/Workspaces/workspace_sandbox/nakeduml/nakeduml-runtime/nakeduml-runtime-jpa/target/nakeduml-runtime-jpa-1.0.0.6-SNAPSHOT.jar:/home/ampie/.m2/repository/hsqldb/hsqldb/1.8.0.10/hsqldb-1.8.0.10.jar:/home/ampie/Workspaces/workspace_sandbox/nakeduml/nakeduml-runtime/nakeduml-runtime-hibernate/target/nakeduml-runtime-hibernate-1.0.0.6-SNAPSHOT.jar:/home/ampie/.m2/repository/org/hibernate/hibernate-core/3.3.2.GA/hibernate-core-3.3.2.GA.jar:/home/ampie/.m2/repository/commons-collections/commons-collections/3.1/commons-collections-3.1.jar:/home/ampie/.m2/repository/org/hibernate/hibernate-validator/4.0.0.GA/hibernate-validator-4.0.0.GA.jar:/home/ampie/.m2/repository/javax/validation/validation-api/1.0.0.GA/validation-api-1.0.0.GA.jar:/home/ampie/.m2/repository/org/slf4j/slf4j-api/1.5.10/slf4j-api-1.5.10.jar:/home/ampie/.m2/repository/javax/xml/bind/jaxb-api/2.1/jaxb-api-2.1.jar:/home/ampie/.m2/repository/javax/xml/stream/stax-api/1.0-2/stax-api-1.0-2.jar:/home/ampie/.m2/repository/com/sun/xml/bind/jaxb-impl/2.1.3/jaxb-impl-2.1.3.jar:/home/ampie/.m2/repository/org/hsqldb/hsqldb/1.8.0.10/hsqldb-1.8.0.10.jar:/home/ampie/Workspaces/workspace_sandbox/nakeduml/nakeduml-runtime/nakeduml-runtime-domain/target/nakeduml-runtime-domain-1.0.0.6-SNAPSHOT.jar:/home/ampie/.m2/repository/org/jbpm/jbpm-flow/5.1.0.Final/jbpm-flow-5.1.0.Final.jar:/home/ampie/.m2/repository/org/drools/drools-core/5.2.0.Final/drools-core-5.2.0.Final.jar:/home/ampie/.m2/repository/org/jbpm/jbpm-flow-builder/5.1.0.Final/jbpm-flow-builder-5.1.0.Final.jar:/home/ampie/.m2/repository/org/drools/knowledge-api/5.2.0.Final/knowledge-api-5.2.0.Final.jar:/home/ampie/.m2/repository/org/drools/drools-compiler/5.2.0.Final/drools-compiler-5.2.0.Final.jar:/home/ampie/.m2/repository/org/antlr/antlr-runtime/3.3/antlr-runtime-3.3.jar:/home/ampie/.m2/repository/org/antlr/antlr/3.3/antlr-3.3.jar:/home/ampie/.m2/repository/org/antlr/stringtemplate/3.2.1/stringtemplate-3.2.1.jar:/home/ampie/.m2/repository/antlr/antlr/2.7.7/antlr-2.7.7.jar:/home/ampie/.m2/repository/org/eclipse/jdt/core/compiler/ecj/3.5.1/ecj-3.5.1.jar:/home/ampie/.m2/repository/org/mvel/mvel2/2.1.0.drools2/mvel2-2.1.0.drools2.jar:/home/ampie/.m2/repository/org/jbpm/jbpm-persistence-jpa/5.1.0.Final/jbpm-persistence-jpa-5.1.0.Final.jar:/home/ampie/.m2/repository/org/drools/drools-persistence-jpa/5.2.0.Final/drools-persistence-jpa-5.2.0.Final.jar:/home/ampie/Workspaces/workspace_sandbox/nakeduml/nakeduml-runtime/nakeduml-test-adaptor/target/nakeduml-test-adaptor-1.0.0.6-SNAPSHOT.jar:/home/ampie/.m2/repository/org/jboss/shrinkwrap/shrinkwrap-api/1.0.0-alpha-11/shrinkwrap-api-1.0.0-alpha-11.jar:/home/ampie/.m2/repository/org/jboss/weld/weld-core-test/1.0.1-Final/weld-core-test-1.0.1-Final.jar:/home/ampie/.m2/repository/javax/el/el-api/2.2/el-api-2.2.jar:/home/ampie/.m2/repository/org/glassfish/web/el-impl/2.1.2-b04/el-impl-2.1.2-b04.jar:/home/ampie/.m2/repository/org/jboss/weld/weld-core/1.0.1-Final/weld-core-1.0.1-Final.jar:/home/ampie/.m2/repository/org/jboss/weld/weld-api/1.0-SP1/weld-api-1.0-SP1.jar:/home/ampie/.m2/repository/com/google/collections/google-collections/1.0/google-collections-1.0.jar:/home/ampie/.m2/repository/org/slf4j/slf4j-ext/1.5.10/slf4j-ext-1.5.10.jar:/home/ampie/.m2/repository/ch/qos/cal10n/cal10n-api/0.7.2/cal10n-api-0.7.2.jar:/home/ampie/.m2/repository/org/jboss/weld/weld-spi/1.0-SP1/weld-spi-1.0-SP1.jar:/home/ampie/.m2/repository/org/jboss/interceptor/jboss-interceptor/1.0.0-CR11/jboss-interceptor-1.0.0-CR11.jar:/home/ampie/.m2/repository/org/jboss/ejb3/jboss-ejb3-api/3.1.0/jboss-ejb3-api-3.1.0.jar:/home/ampie/.m2/repository/javax/faces/jsf-api/2.0.2-FCS/jsf-api-2.0.2-FCS.jar:/home/ampie/.m2/repository/net/sourceforge/htmlunit/htmlunit/2.4/htmlunit-2.4.jar:/home/ampie/.m2/repository/xalan/xalan/2.7.1/xalan-2.7.1.jar:/home/ampie/.m2/repository/xalan/serializer/2.7.1/serializer-2.7.1.jar:/home/ampie/.m2/repository/commons-lang/commons-lang/2.4/commons-lang-2.4.jar:/home/ampie/.m2/repository/commons-httpclient/commons-httpclient/3.1/commons-httpclient-3.1.jar:/home/ampie/.m2/repository/commons-codec/commons-codec/1.3/commons-codec-1.3.jar:/home/ampie/.m2/repository/net/sourceforge/htmlunit/htmlunit-core-js/2.4/htmlunit-core-js-2.4.jar:/home/ampie/.m2/repository/net/sourceforge/nekohtml/nekohtml/1.9.11/nekohtml-1.9.11.jar:/home/ampie/.m2/repository/xerces/xercesImpl/2.8.1/xercesImpl-2.8.1.jar:/home/ampie/.m2/repository/net/sourceforge/cssparser/cssparser/0.9.5/cssparser-0.9.5.jar:/home/ampie/.m2/repository/org/w3c/css/sac/1.3/sac-1.3.jar:/home/ampie/.m2/repository/commons-io/commons-io/1.4/commons-io-1.4.jar:/home/ampie/.m2/repository/commons-logging/commons-logging/1.1.1/commons-logging-1.1.1.jar:/home/ampie/.m2/repository/javax/servlet/servlet-api/2.5/servlet-api-2.5.jar:/home/ampie/.m2/repository/org/jboss/test-harness/jboss-test-harness/1.1.0-CR9/jboss-test-harness-1.1.0-CR9.jar:/home/ampie/.m2/repository/org/jboss/test-harness/jboss-test-harness-api/1.1.0-CR9/jboss-test-harness-api-1.1.0-CR9.jar:/home/ampie/.m2/repository/org/jboss/weld/weld-se/1.0.3/weld-se-1.0.3.jar:/home/ampie/Workspaces/workspace_sandbox/nakeduml/nakeduml-runtime/nakeduml-runtime-cdi-hibernate/target/nakeduml-runtime-cdi-hibernate-1.0.0.6-SNAPSHOT.jar:/home/ampie/.m2/repository/org/jboss/seam/solder/seam-solder-api/3.0.0.Final/seam-solder-api-3.0.0.Final.jar:/home/ampie/.m2/repository/org/jboss/seam/solder/seam-solder-impl/3.0.0.Final/seam-solder-impl-3.0.0.Final.jar:/home/ampie/.m2/repository/org/nakeduml/nakeduml-generators/1.0.0.6-SNAPSHOT/nakeduml-generators-1.0.0.6-SNAPSHOT.jar:/home/ampie/.m2/repository/org/nakeduml/nakeduml-java-generator/1.0.0.6-SNAPSHOT/nakeduml-java-generator-1.0.0.6-SNAPSHOT.jar:/home/ampie/.m2/repository/org/nakeduml/nakeduml-metamodels/1.0.0.6-SNAPSHOT/nakeduml-metamodels-1.0.0.6-SNAPSHOT.jar:/home/ampie/.m2/repository/org/nakeduml/nakeduml-ocl-metamodel/1.0.0.6-SNAPSHOT/nakeduml-ocl-metamodel-1.0.0.6-SNAPSHOT.jar:/home/ampie/.m2/repository/org/nakeduml/nakeduml-ocl-java-generator/1.0.0.6-SNAPSHOT/nakeduml-ocl-java-generator-1.0.0.6-SNAPSHOT.jar:/home/ampie/.m2/repository/org/nakeduml/nakeduml-java-metamodel/1.0.0.6-SNAPSHOT/nakeduml-java-metamodel-1.0.0.6-SNAPSHOT.jar:/home/ampie/.m2/repository/org/slf4j/slf4j-jdk14/1.5.10/slf4j-jdk14-1.5.10.jar:/home/ampie/.m2/repository/org/apache/velocity/1.5.0-v200905192330/velocity-1.5.0-v200905192330.jar:/home/ampie/.m2/repository/org/apache/commons/lang/2.1.0/lang-2.1.0.jar:/home/ampie/.m2/repository/javax/enterprise/cdi-api/1.0-SP1/cdi-api-1.0-SP1.jar:/home/ampie/.m2/repository/org/jboss/interceptor/jboss-interceptor-api/1.1/jboss-interceptor-api-1.1.jar:/home/ampie/.m2/repository/javax/annotation/jsr250-api/1.0/jsr250-api-1.0.jar:/home/ampie/.m2/repository/javax/inject/javax.inject/1/javax.inject-1.jar:/home/ampie/.m2/repository/org/jboss/ejb3/jboss-ejb3-ext-api/1.1.1/jboss-ejb3-ext-api-1.1.1.jar:/home/ampie/.m2/repository/org/jboss/javaee/jboss-ejb-api/3.0.0.CR1/jboss-ejb-api-3.0.0.CR1.jar:/home/ampie/.m2/repository/org/jboss/javaee/jboss-transaction-api/1.0.1.CR1/jboss-transaction-api-1.0.1.CR1.jar:/home/ampie/.m2/repository/jboss/jbossws/jboss-jaxrpc/1.0.4.GA/jboss-jaxrpc-1.0.4.GA.jar:/home/ampie/.m2/repository/org/jboss/metadata/jboss-metadata/1.0.0.CR16/jboss-metadata-1.0.0.CR16.jar:/home/ampie/.m2/repository/org/jboss/logging/jboss-logging-spi/2.0.5.GA/jboss-logging-spi-2.0.5.GA.jar:/home/ampie/.m2/repository/org/jboss/jboss-common-core/2.2.8.GA/jboss-common-core-2.2.8.GA.jar:/home/ampie/.m2/repository/org/jboss/javaee/jboss-jms-api/1.1.0.GA/jboss-jms-api-1.1.0.GA.jar:/home/ampie/.m2/repository/org/jboss/ws/jbossws-spi/1.0.6.GA/jbossws-spi-1.0.6.GA.jar:/home/ampie/.m2/repository/org/apache/ant/ant/1.7.0/ant-1.7.0.jar:/home/ampie/.m2/repository/org/apache/ant/ant-launcher/1.7.0/ant-launcher-1.7.0.jar:/home/ampie/.m2/repository/gnu-getopt/getopt/1.0.13/getopt-1.0.13.jar:/home/ampie/.m2/repository/jboss/jbossws/jboss-jaxws/3.0.1-native-2.0.4.GA/jboss-jaxws-3.0.1-native-2.0.4.GA.jar:/home/ampie/.m2/repository/org/jboss/jbossxb/2.0.0.GA/jbossxb-2.0.0.GA.jar:/home/ampie/.m2/repository/org/jboss/jboss-reflect/2.0.0.GA/jboss-reflect-2.0.0.GA.jar:/home/ampie/.m2/repository/apache-xerces/xercesImpl/2.9.1/xercesImpl-2.9.1.jar:/home/ampie/.m2/repository/wutka-dtdparser/dtdparser121/1.2.1/dtdparser121-1.2.1.jar:/home/ampie/.m2/repository/org/jboss/jboss-vfs/2.0.0.CR1/jboss-vfs-2.0.0.CR1.jar:/home/ampie/.m2/repository/org/jboss/jboss-mdr/2.0.0.GA/jboss-mdr-2.0.0.GA.jar:/home/ampie/.m2/repository/sun-jaxb/jaxb-api/2.1.4/jaxb-api-2.1.4.jar:/home/ampie/.m2/repository/apache-xerces/xml-apis/2.9.1/xml-apis-2.9.1.jar:/home/ampie/.m2/repository/org/jboss/spec/javax/annotation/jboss-annotations-api_1.1_spec/1.0.0.Final/jboss-annotations-api_1.1_spec-1.0.0.Final.jar:/home/ampie/.m2/repository/org/jboss/spec/javax/resource/jboss-connector-api_1.5_spec/1.0.0.Final/jboss-connector-api_1.5_spec-1.0.0.Final.jar:/home/ampie/.m2/repository/org/jboss/spec/javax/ejb/jboss-ejb-api_3.1_spec/1.0.0.Final/jboss-ejb-api_3.1_spec-1.0.0.Final.jar:/home/ampie/.m2/repository/javax/xml/jaxrpc-api/1.1/jaxrpc-api-1.1.jar:/home/ampie/.m2/repository/javax/xml/soap/saaj-api/1.3/saaj-api-1.3.jar:/home/ampie/.m2/repository/org/jboss/spec/javax/el/jboss-el-api_2.2_spec/1.0.0.Final/jboss-el-api_2.2_spec-1.0.0.Final.jar:/home/ampie/.m2/repository/org/jboss/spec/javax/interceptor/jboss-interceptors-api_1.1_spec/1.0.0.Final/jboss-interceptors-api_1.1_spec-1.0.0.Final.jar:/home/ampie/.m2/repository/org/jboss/spec/javax/security/jacc/jboss-jacc-api_1.4_spec/1.0.0.Final/jboss-jacc-api_1.4_spec-1.0.0.Final.jar:/home/ampie/.m2/repository/org/jboss/spec/javax/enterprise/deploy/jboss-jad-api_1.2_spec/1.0.0.Final/jboss-jad-api_1.2_spec-1.0.0.Final.jar:/home/ampie/.m2/repository/org/jboss/spec/javax/security/auth/message/jboss-jaspi-api_1.0_spec/1.0.0.Final/jboss-jaspi-api_1.0_spec-1.0.0.Final.jar:/home/ampie/.m2/repository/org/jboss/spec/javax/xml/registry/jboss-jaxr-api_1.0_spec/1.0.0.Final/jboss-jaxr-api_1.0_spec-1.0.0.Final.jar:/home/ampie/.m2/repository/org/jboss/spec/javax/jms/jboss-jms-api_1.1_spec/1.0.0.Final/jboss-jms-api_1.1_spec-1.0.0.Final.jar:/home/ampie/.m2/repository/org/jboss/spec/javax/servlet/jsp/jboss-jsp-api_2.2_spec/1.0.0.Final/jboss-jsp-api_2.2_spec-1.0.0.Final.jar:/home/ampie/.m2/repository/org/jboss/spec/javax/servlet/jboss-servlet-api_3.0_spec/1.0.0.Final/jboss-servlet-api_3.0_spec-1.0.0.Final.jar:/home/ampie/.m2/repository/org/jboss/spec/javax/transaction/jboss-transaction-api_1.1_spec/1.0.0.Final/jboss-transaction-api_1.1_spec-1.0.0.Final.jar:/home/ampie/.m2/repository/org/jboss/spec/javax/xml/bind/jboss-jaxb-api_2.2_spec/1.0.0.Final/jboss-jaxb-api_2.2_spec-1.0.0.Final.jar:/home/ampie/.m2/repository/org/jboss/spec/javax/xml/rpc/jboss-jaxrpc-api_1.1_spec/1.0.0.Final/jboss-jaxrpc-api_1.1_spec-1.0.0.Final.jar:/home/ampie/.m2/repository/org/jboss/spec/javax/xml/soap/jboss-saaj-api_1.3_spec/1.0.0.Final/jboss-saaj-api_1.3_spec-1.0.0.Final.jar:/home/ampie/.m2/repository/org/jboss/spec/javax/xml/ws/jboss-jaxws-api_2.2_spec/1.0.0.Final/jboss-jaxws-api_2.2_spec-1.0.0.Final.jar:/home/ampie/.m2/repository/javax/activation/activation/1.1/activation-1.1.jar:/home/ampie/.m2/repository/com/sun/faces/jsf-api/2.0.3-b05/jsf-api-2.0.3-b05.jar:/home/ampie/.m2/repository/javax/jws/jsr181-api/1.0-MR1/jsr181-api-1.0-MR1.jar:/home/ampie/.m2/repository/javax/mail/mail/1.4.2/mail-1.4.2.jar:/home/ampie/.m2/repository/javax/servlet/jstl/1.2/jstl-1.2.jar:/home/ampie/.m2/repository/org/hibernate/javax/persistence/hibernate-jpa-2.0-api/1.0.0.Final/hibernate-jpa-2.0-api-1.0.0.Final.jar:/home/ampie/.m2/repository/org/jboss/resteasy/jaxrs-api/2.1.0.GA/jaxrs-api-2.1.0.GA.jar:/home/ampie/.m2/repository/stax/stax-api/1.0.1/stax-api-1.0.1.jar:/home/ampie/.m2/repository/org/slf4j/slf4j-log4j12/1.5.10/slf4j-log4j12-1.5.10.jar:/home/ampie/.m2/repository/log4j/log4j/1.2.14/log4j-1.2.14.jar:"/>
    <property name="java.vm.specification.version" value="1.0"/>
    <property name="sun.arch.data.model" value="64"/>
    <property name="java.home" value="/usr/lib/jvm/java-6-sun-1.6.0.26/jre"/>
    <property name="sun.java.command" value="/tmp/surefirebooter38286413099496551.jar /tmp/surefire3667706462585571639tmp /tmp/surefire338205607604578144tmp"/>
    <property name="java.specification.vendor" value="Sun Microsystems Inc."/>
    <property name="user.language" value="en"/>
    <property name="java.vm.info" value="mixed mode"/>
    <property name="java.version" value="1.6.0_26"/>
    <property name="java.ext.dirs" value="/usr/lib/jvm/java-6-sun-1.6.0.26/jre/lib/ext:/usr/java/packages/lib/ext"/>
    <property name="sun.boot.class.path" value="/usr/lib/jvm/java-6-sun-1.6.0.26/jre/lib/resources.jar:/usr/lib/jvm/java-6-sun-1.6.0.26/jre/lib/rt.jar:/usr/lib/jvm/java-6-sun-1.6.0.26/jre/lib/sunrsasign.jar:/usr/lib/jvm/java-6-sun-1.6.0.26/jre/lib/jsse.jar:/usr/lib/jvm/java-6-sun-1.6.0.26/jre/lib/jce.jar:/usr/lib/jvm/java-6-sun-1.6.0.26/jre/lib/charsets.jar:/usr/lib/jvm/java-6-sun-1.6.0.26/jre/lib/modules/jdk.boot.jar:/usr/lib/jvm/java-6-sun-1.6.0.26/jre/classes"/>
    <property name="java.vendor" value="Sun Microsystems Inc."/>
    <property name="localRepository" value="/home/ampie/.m2/repository"/>
    <property name="file.separator" value="/"/>
    <property name="java.vendor.url.bug" value="http://java.sun.com/cgi-bin/bugreport.cgi"/>
    <property name="sun.cpu.endian" value="little"/>
    <property name="sun.io.unicode.encoding" value="UnicodeLittle"/>
    <property name="sun.desktop" value="gnome"/>
    <property name="sun.cpu.isalist" value=""/>
  </properties>
  <testcase time="3.568" classname="org.nakeduml.bpm.TaskRequestFlowTest" name="testit"/>
</testsuite>