<?xml version="1.0" encoding="UTF-8" ?>
<testsuite failures="0" time="0.028" errors="0" skipped="0" tests="1" name="org.nakeduml.name.NameConverterTest">
  <properties>
    <property name="java.runtime.name" value="Java(TM) SE Runtime Environment"/>
    <property name="sun.boot.library.path" value="/usr/lib/jvm/java-6-sun-1.6.0.26/jre/lib/amd64"/>
    <property name="java.vm.version" value="20.1-b02"/>
    <property name="java.vm.vendor" value="Sun Microsystems Inc."/>
    <property name="java.vendor.url" value="http://java.sun.com/"/>
    <property name="path.separator" value=":"/>
    <property name="java.vm.name" value="Java HotSpot(TM) 64-Bit Server VM"/>
    <property name="file.encoding.pkg" value="sun.io"/>
    <property name="user.country" value="ZA"/>
    <property name="sun.java.launcher" value="SUN_STANDARD"/>
    <property name="sun.os.patch.level" value="unknown"/>
    <property name="java.vm.specification.name" value="Java Virtual Machine Specification"/>
    <property name="user.dir" value="/home/ampie/Workspaces/workspace_sandbox/nakeduml/nakeduml-runtime/nakeduml-runtime-domain"/>
    <property name="java.runtime.version" value="1.6.0_26-b03"/>
    <property name="java.awt.graphicsenv" value="sun.awt.X11GraphicsEnvironment"/>
    <property name="basedir" value="/home/ampie/Workspaces/workspace_sandbox/nakeduml/nakeduml-runtime/nakeduml-runtime-domain"/>
    <property name="java.endorsed.dirs" value="/usr/lib/jvm/java-6-sun-1.6.0.26/jre/lib/endorsed"/>
    <property name="os.arch" value="amd64"/>
    <property name="surefire.real.class.path" value="/tmp/surefirebooter6007631732712569851.jar"/>
    <property name="java.io.tmpdir" value="/tmp"/>
    <property name="line.separator" value="
"/>
    <property name="java.vm.specification.vendor" value="Sun Microsystems Inc."/>
    <property name="os.name" value="Linux"/>
    <property name="sun.jnu.encoding" value="UTF-8"/>
    <property name="java.library.path" value="/usr/lib/jvm/java-6-sun-1.6.0.26/jre/lib/amd64/server:/usr/lib/jvm/java-6-sun-1.6.0.26/jre/lib/amd64:/usr/lib/jvm/java-6-sun-1.6.0.26/jre/../lib/amd64:/usr/java/packages/lib/amd64:/usr/lib64:/lib64:/lib:/usr/lib"/>
    <property name="surefire.test.class.path" value="/home/ampie/Workspaces/workspace_sandbox/nakeduml/nakeduml-runtime/nakeduml-runtime-domain/target/test-classes:/home/ampie/Workspaces/workspace_sandbox/nakeduml/nakeduml-runtime/nakeduml-runtime-domain/target/classes:/home/ampie/.m2/repository/junit/junit/4.8.2/junit-4.8.2.jar:/home/ampie/.m2/repository/org/jbpm/jbpm-flow/5.1.0.Final/jbpm-flow-5.1.0.Final.jar:/home/ampie/.m2/repository/org/drools/drools-core/5.2.0.Final/drools-core-5.2.0.Final.jar:/home/ampie/.m2/repository/org/jbpm/jbpm-flow-builder/5.1.0.Final/jbpm-flow-builder-5.1.0.Final.jar:/home/ampie/.m2/repository/org/drools/knowledge-api/5.2.0.Final/knowledge-api-5.2.0.Final.jar:/home/ampie/.m2/repository/org/drools/drools-compiler/5.2.0.Final/drools-compiler-5.2.0.Final.jar:/home/ampie/.m2/repository/org/antlr/antlr-runtime/3.3/antlr-runtime-3.3.jar:/home/ampie/.m2/repository/org/antlr/antlr/3.3/antlr-3.3.jar:/home/ampie/.m2/repository/org/antlr/stringtemplate/3.2.1/stringtemplate-3.2.1.jar:/home/ampie/.m2/repository/antlr/antlr/2.7.7/antlr-2.7.7.jar:/home/ampie/.m2/repository/org/eclipse/jdt/core/compiler/ecj/3.5.1/ecj-3.5.1.jar:/home/ampie/.m2/repository/org/mvel/mvel2/2.1.0.drools2/mvel2-2.1.0.drools2.jar:/home/ampie/.m2/repository/org/jbpm/jbpm-persistence-jpa/5.1.0.Final/jbpm-persistence-jpa-5.1.0.Final.jar:/home/ampie/.m2/repository/org/drools/drools-persistence-jpa/5.2.0.Final/drools-persistence-jpa-5.2.0.Final.jar:/home/ampie/.m2/repository/org/slf4j/slf4j-api/1.5.10/slf4j-api-1.5.10.jar:"/>
    <property name="java.specification.name" value="Java Platform API Specification"/>
    <property name="java.class.version" value="50.0"/>
    <property name="sun.management.compiler" value="HotSpot 64-Bit Tiered Compilers"/>
    <property name="os.version" value="2.6.35-30-generic"/>
    <property name="user.home" value="/home/ampie"/>
    <property name="user.timezone" value=""/>
    <property name="java.awt.printerjob" value="sun.print.PSPrinterJob"/>
    <property name="file.encoding" value="UTF-8"/>
    <property name="java.specification.version" value="1.6"/>
    <property name="user.name" value="ampie"/>
    <property name="java.class.path" value="/home/ampie/Workspaces/workspace_sandbox/nakeduml/nakeduml-runtime/nakeduml-runtime-domain/target/test-classes:/home/ampie/Workspaces/workspace_sandbox/nakeduml/nakeduml-runtime/nakeduml-runtime-domain/target/classes:/home/ampie/.m2/repository/junit/junit/4.8.2/junit-4.8.2.jar:/home/ampie/.m2/repository/org/jbpm/jbpm-flow/5.1.0.Final/jbpm-flow-5.1.0.Final.jar:/home/ampie/.m2/repository/org/drools/drools-core/5.2.0.Final/drools-core-5.2.0.Final.jar:/home/ampie/.m2/repository/org/jbpm/jbpm-flow-builder/5.1.0.Final/jbpm-flow-builder-5.1.0.Final.jar:/home/ampie/.m2/repository/org/drools/knowledge-api/5.2.0.Final/knowledge-api-5.2.0.Final.jar:/home/ampie/.m2/repository/org/drools/drools-compiler/5.2.0.Final/drools-compiler-5.2.0.Final.jar:/home/ampie/.m2/repository/org/antlr/antlr-runtime/3.3/antlr-runtime-3.3.jar:/home/ampie/.m2/repository/org/antlr/antlr/3.3/antlr-3.3.jar:/home/ampie/.m2/repository/org/antlr/stringtemplate/3.2.1/stringtemplate-3.2.1.jar:/home/ampie/.m2/repository/antlr/antlr/2.7.7/antlr-2.7.7.jar:/home/ampie/.m2/repository/org/eclipse/jdt/core/compiler/ecj/3.5.1/ecj-3.5.1.jar:/home/ampie/.m2/repository/org/mvel/mvel2/2.1.0.drools2/mvel2-2.1.0.drools2.jar:/home/ampie/.m2/repository/org/jbpm/jbpm-persistence-jpa/5.1.0.Final/jbpm-persistence-jpa-5.1.0.Final.jar:/home/ampie/.m2/repository/org/drools/drools-persistence-jpa/5.2.0.Final/drools-persistence-jpa-5.2.0.Final.jar:/home/ampie/.m2/repository/org/slf4j/slf4j-api/1.5.10/slf4j-api-1.5.10.jar:"/>
    <property name="java.vm.specification.version" value="1.0"/>
    <property name="sun.arch.data.model" value="64"/>
    <property name="java.home" value="/usr/lib/jvm/java-6-sun-1.6.0.26/jre"/>
    <property name="sun.java.command" value="/tmp/surefirebooter6007631732712569851.jar /tmp/surefire7002800972725264894tmp /tmp/surefire3764542127757009622tmp"/>
    <property name="java.specification.vendor" value="Sun Microsystems Inc."/>
    <property name="user.language" value="en"/>
    <property name="java.vm.info" value="mixed mode"/>
    <property name="java.version" value="1.6.0_26"/>
    <property name="java.ext.dirs" value="/usr/lib/jvm/java-6-sun-1.6.0.26/jre/lib/ext:/usr/java/packages/lib/ext"/>
    <property name="sun.boot.class.path" value="/usr/lib/jvm/java-6-sun-1.6.0.26/jre/lib/resources.jar:/usr/lib/jvm/java-6-sun-1.6.0.26/jre/lib/rt.jar:/usr/lib/jvm/java-6-sun-1.6.0.26/jre/lib/sunrsasign.jar:/usr/lib/jvm/java-6-sun-1.6.0.26/jre/lib/jsse.jar:/usr/lib/jvm/java-6-sun-1.6.0.26/jre/lib/jce.jar:/usr/lib/jvm/java-6-sun-1.6.0.26/jre/lib/charsets.jar:/usr/lib/jvm/java-6-sun-1.6.0.26/jre/lib/modules/jdk.boot.jar:/usr/lib/jvm/java-6-sun-1.6.0.26/jre/classes"/>
    <property name="java.vendor" value="Sun Microsystems Inc."/>
    <property name="localRepository" value="/home/ampie/.m2/repository"/>
    <property name="file.separator" value="/"/>
    <property name="java.vendor.url.bug" value="http://java.sun.com/cgi-bin/bugreport.cgi"/>
    <property name="sun.cpu.endian" value="little"/>
    <property name="sun.io.unicode.encoding" value="UnicodeLittle"/>
    <property name="sun.desktop" value="gnome"/>
    <property name="sun.cpu.isalist" value=""/>
  </properties>
  <testcase time="0.006" classname="org.nakeduml.name.NameConverterTest" name="testIt"/>
</testsuite>